<?xml version="1.0" encoding="UTF-8"?>
<!-- Generated by org.testng.reporters.JUnitXMLReporter -->
<testsuite hostname="Subham-RM" name="Default test" tests="2" failures="0" timestamp="28 Oct 2015 11:16:07 GMT" time="34.166" errors="0">
  <testcase name="testUserLogin" time="10.913" classname="com.realtech.socialsurvey.version1.testcase.TestHomePage"/>
  <testcase name="testUserLogout" time="2.814" classname="com.realtech.socialsurvey.version1.testcase.TestHomePage"/>
</testsuite> <!-- Default test -->
